<?xml version="1.0" encoding="UTF-8"?>
<!-- Generated by org.testng.reporters.JUnitReportReporter -->
<testsuite hostname="DESKTOP-I0OELBF" failures="0" tests="1" name="Scripts.TestCase2" time="48.630" errors="0" timestamp="2023-09-07T08:46:23 IST" skipped="0">
  <testcase classname="Scripts.TestCase2" name="tc2" time="48.630"/>
</testsuite> <!-- Scripts.TestCase2 -->
